<?xml version="1.0" encoding="UTF-8"?>
<testng-results skipped="0" failed="0" ignored="0" total="2" passed="2">
  <reporter-output>
  </reporter-output>
  <suite name="Suite" duration-ms="46411" started-at="2021-05-09T22:55:46 BST" finished-at="2021-05-09T22:56:32 BST">
    <groups>
    </groups>
    <test name="Test" duration-ms="46411" started-at="2021-05-09T22:55:46 BST" finished-at="2021-05-09T22:56:32 BST">
      <class name="regression.TC_02_ValidateBestSellerProductPageTest2">
        <test-method status="PASS" signature="launchBrowser()[pri:0, instance:regression.TC_02_ValidateBestSellerProductPageTest2@76707e36]" name="launchBrowser" is-config="true" duration-ms="9925" started-at="2021-05-09T22:55:56 BST" finished-at="2021-05-09T22:56:06 BST">
          <reporter-output>
          </reporter-output>
        </test-method> <!-- launchBrowser -->
        <test-method status="PASS" signature="validateBestSellerProductPage()[pri:0, instance:regression.TC_02_ValidateBestSellerProductPageTest2@76707e36]" name="validateBestSellerProductPage" duration-ms="21591" started-at="2021-05-09T22:56:06 BST" finished-at="2021-05-09T22:56:28 BST">
          <reporter-output>
          </reporter-output>
        </test-method> <!-- validateBestSellerProductPage -->
      </class> <!-- regression.TC_02_ValidateBestSellerProductPageTest2 -->
      <class name="regression.TC_01_ValidateBestSellerTest">
        <test-method status="PASS" signature="launchBrowser()[pri:0, instance:regression.TC_01_ValidateBestSellerTest@614ddd49]" name="launchBrowser" is-config="true" duration-ms="10378" started-at="2021-05-09T22:55:46 BST" finished-at="2021-05-09T22:55:56 BST">
          <reporter-output>
          </reporter-output>
        </test-method> <!-- launchBrowser -->
        <test-method status="PASS" signature="validateBestSeller()[pri:0, instance:regression.TC_01_ValidateBestSellerTest@614ddd49]" name="validateBestSeller" duration-ms="4416" started-at="2021-05-09T22:56:28 BST" finished-at="2021-05-09T22:56:32 BST">
          <reporter-output>
          </reporter-output>
        </test-method> <!-- validateBestSeller -->
      </class> <!-- regression.TC_01_ValidateBestSellerTest -->
    </test> <!-- Test -->
  </suite> <!-- Suite -->
</testng-results>
