<?xml version="1.0" encoding="UTF-8"?>
<!-- Generated by org.testng.reporters.JUnitXMLReporter -->
<testsuite hostname="IdeaPad-Saurabh" ignored="0" name="Test" tests="2" failures="0" timestamp="2021-05-09T22:56:32 BST" time="46.411" errors="0">
  <testcase name="validateBestSellerProductPage" time="21.591" classname="regression.TC_02_ValidateBestSellerProductPageTest2"/>
  <testcase name="validateBestSeller" time="4.416" classname="regression.TC_01_ValidateBestSellerTest"/>
</testsuite> <!-- Test -->
